commit 3c694b88707a2feb5b620e67e92151a63747b080
Author: Joseph Wooley <wooley@purdue.edu>
Date:   Fri Feb 28 15:58:33 2014 -0500

    update

commit 7c111d5b8b6761c2204b089bdcc243344284ed93
Author: Joseph Wooley <wooley@purdue.edu>
Date:   Fri Feb 28 13:15:29 2014 -0500

    inital commit

commit ea645fe8f237203f70d71f6c5d5311a076ca3d8a
Author: Joseph Wooley <wooley@purdue.edu>
Date:   Thu Feb 20 17:28:02 2014 -0500

    PA05

commit 2bbb30dbf36641f7ea96fc47f2433c67a73fa434
Author: Joseph Wooley <wooley@purdue.edu>
Date:   Fri Feb 14 15:16:11 2014 -0500

    greplite

commit dd4f407227db68bd4ae83620ab3f90e603992951
Author: Joseph Wooley <wooley@purdue.edu>
Date:   Fri Feb 14 12:50:34 2014 -0500

    cat-lite

commit 69a6c4913586bb27dc09debad0833e353b3c7879
Author: Joseph Wooley <wooley@purdue.edu>
Date:   Thu Feb 13 20:40:10 2014 -0500

    add echo

commit 7f1a6a0d69ab6b9688bf6e621b6093c1fe6a2411
Author: Joseph Wooley <wooley@purdue.edu>
Date:   Sat Feb 8 17:55:36 2014 -0500

    acutal postprep?

commit 28e51e103ad9ba074dc1ea2f25cf23ea5715ec84
Author: Joseph Wooley <wooley@purdue.edu>
Date:   Sat Feb 8 17:17:25 2014 -0500

    add dir

commit 288eeef448e73b13b8fb0fc73523a18946241492
Author: Joseph Wooley <wooley@purdue.edu>
Date:   Sat Feb 8 17:10:43 2014 -0500

    first commit
